2025-09-02 17:44:30,562 - INFO - 📦 Unpacking with Repak...
2025-09-02 17:44:31,414 - INFO - Unpacked C:/Users/Lai Hoang/Desktop/pakchunk2-WindowsNoEditor_P.pak
2025-09-02 17:44:31,414 - INFO - Unpacking completed.
2025-09-02 22:44:14,983 - INFO - 📦 Packing with Repak...
2025-09-02 22:44:15,322 - INFO - Packed C:/Users/Lai Hoang/Desktop/ForVietHoaWuWa/tieng viet ww1/vao trong day copy thu muc client/Client/Content/Paks/~mods/TiengViet_99_P.pak
2025-09-02 22:44:15,322 - INFO - Packing completed.
2025-09-05 19:01:12,368 - INFO - 📦 Unpacking with Repak...
2025-09-05 19:01:12,935 - INFO - Unpacked C:/Users/Lai Hoang/Desktop/pakchunk2-WindowsNoEditor_P.pak
2025-09-05 19:01:12,936 - INFO - Unpacking completed.
2025-09-06 22:21:46,923 - INFO - 📦 Unpacking with Repak...
2025-09-06 22:21:46,967 - INFO - Unpacked C:/Users/Lai Hoang/Desktop/BS-pr.pak
2025-09-06 22:21:46,967 - INFO - Unpacking completed.
2025-09-07 10:15:00,340 - INFO - 📦 Packing with Repak...
2025-09-07 10:15:00,562 - INFO - Packed C:/Users/Lai Hoang/Desktop/ForVietHoaWuWa/tieng viet ww1/vao trong day copy thu muc client/Client/Content/Paks/~mods/TiengViet_99_P2.pak
2025-09-07 10:15:00,562 - INFO - Packing completed.
2025-09-07 10:29:34,878 - INFO - 📦 Packing with Repak...
2025-09-07 10:29:35,079 - INFO - Packed C:/Users/Lai Hoang/Desktop/ForVietHoaWuWa/tieng viet ww1/vao trong day copy thu muc client/Client/Content/Paks/~mods/TiengViet_99_P2.pak
2025-09-07 10:29:35,079 - INFO - Packing completed.
2025-09-07 13:09:47,859 - INFO - 📦 Unpacking with Repak...
2025-09-07 13:09:47,898 - INFO - Unpacked C:/Users/Lai Hoang/Desktop/BS-pr_100_P.pak
2025-09-07 13:09:47,898 - INFO - Unpacking completed.
2025-09-10 17:30:15,191 - INFO - 📦 Unpacking with Repak...
2025-09-10 17:30:15,208 - INFO - Error unpacking: Command '"C:\Users\Lai Hoang\Desktop\ForVietHoaWuWa\mod unpacker + packer\repak\repak.exe" --aes-key 0x6F80948821CA338739A24D4D9F778BCAC0996B2EF2A73897A789C68AFF05174E unpack "C:/Users/Lai Hoang/Desktop/resources.pak"' returned non-zero exit status 1.
2025-09-10 17:30:15,208 - ERROR - Error unpacking: Command '"C:\Users\Lai Hoang\Desktop\ForVietHoaWuWa\mod unpacker + packer\repak\repak.exe" --aes-key 0x6F80948821CA338739A24D4D9F778BCAC0996B2EF2A73897A789C68AFF05174E unpack "C:/Users/Lai Hoang/Desktop/resources.pak"' returned non-zero exit status 1.
2025-09-12 19:33:04,326 - INFO - 📦 Packing with Repak...
2025-09-12 19:33:04,346 - INFO - Packed C:/Users/Lai Hoang/Desktop/asdasd.pak
2025-09-12 19:33:04,346 - INFO - Packing completed.
2025-09-12 19:37:06,266 - INFO - 📦 Packing with Repak...
2025-09-12 19:37:06,279 - INFO - Packed E:/SteamLibrary/steamapps/common/Wuthering Waves/Client/Content/Paks/~mods/uid_99_P.pak
2025-09-12 19:37:06,279 - INFO - Packing completed.
2025-09-16 20:02:11,599 - INFO - 📦 Unpacking with Repak...
2025-09-16 20:02:12,067 - INFO - Unpacked C:/Users/Lai Hoang/Desktop/pakchunk2-WindowsNoEditor_P.pak
2025-09-16 20:02:12,067 - INFO - Unpacking completed.
2025-09-16 20:32:11,584 - INFO - 📦 Packing with Repak...
2025-09-16 20:32:11,895 - INFO - Packed C:/Users/Lai Hoang/Desktop/ForVietHoaWuWa/tieng viet ww1/vao trong day copy thu muc client/Client/Content/Paks/~mods/TiengViet_99_P.pak
2025-09-16 20:32:11,895 - INFO - Packing completed.
2025-09-19 18:53:24,942 - INFO - 📦 Unpacking with Repak...
2025-09-19 18:53:25,441 - INFO - Unpacked C:/Users/Lai Hoang/Desktop/pakchunk2-WindowsNoEditor_P.pak
2025-09-19 18:53:25,441 - INFO - Unpacking completed.
